<?xml version="1.0" encoding="UTF-8"?>
<!-- Generated by org.testng.reporters.JUnitXMLReporter -->
<testsuite ignored="0" hostname="Kamalrajs-MacBook.local" failures="1" tests="1" name="Default test" time="2.809" errors="0" timestamp="2022-09-25T19:58:18 SAST">
  <testcase classname="com.qa.test.InvestecApiTest" name="getApiTest" time="2.672">
    <failure type="com.jayway.jsonpath.PathNotFoundException" message="Expected to find an object with property [&amp;apos;results&amp;apos;] in path $ but found &amp;apos;org.json.JSONObject&amp;apos;. This is not a json object according to the JsonProvider: &amp;apos;com.jayway.jsonpath.spi.json.JsonSmartJsonProvider&amp;apos;.">
      <![CDATA[com.jayway.jsonpath.PathNotFoundException: Expected to find an object with property ['results'] in path $ but found 'org.json.JSONObject'. This is not a json object according to the JsonProvider: 'com.jayway.jsonpath.spi.json.JsonSmartJsonProvider'.
]]>
    </failure>
  </testcase> <!-- getApiTest -->
</testsuite> <!-- Default test -->
