<?xml version="1.0" encoding="UTF-8"?>
<testng-results ignored="0" total="1" passed="1" failed="0" skipped="0">
  <reporter-output>
  </reporter-output>
  <suite started-at="2022-09-25T22:13:53 SAST" name="Default suite" finished-at="2022-09-25T22:13:56 SAST" duration-ms="2106">
    <groups>
    </groups>
    <test started-at="2022-09-25T22:13:53 SAST" name="Default test" finished-at="2022-09-25T22:13:56 SAST" duration-ms="2106">
      <class name="com.qa.test.InvestecApiTest">
        <test-method is-config="true" signature="setUp()[pri:0, instance:com.qa.test.InvestecApiTest@7a419da4]" started-at="2022-09-25T22:13:54 SAST" name="setUp" finished-at="2022-09-25T22:13:54 SAST" duration-ms="17" status="PASS">
          <reporter-output>
          </reporter-output>
        </test-method> <!-- setUp -->
        <test-method signature="getApiTest()[pri:0, instance:com.qa.test.InvestecApiTest@7a419da4]" started-at="2022-09-25T22:13:54 SAST" name="getApiTest" finished-at="2022-09-25T22:13:56 SAST" duration-ms="1978" status="PASS">
          <reporter-output>
          </reporter-output>
        </test-method> <!-- getApiTest -->
      </class> <!-- com.qa.test.InvestecApiTest -->
    </test> <!-- Default test -->
  </suite> <!-- Default suite -->
</testng-results>
